<?xml version="1.0" encoding="UTF-8"?>
<!-- Generated by org.testng.reporters.JUnitReportReporter -->
<testsuite skipped="0" hostname="ITSG003112-MAC" name="testcases.E2ETestCases" tests="10" failures="0" timestamp="05 Jul 2020 12:33:30 GMT" time="86.986" errors="0">
  <testcase name="verifyAllocatedCarIsAvailableForBookingAfterReachingDestination" time="12.102" classname="testcases.E2ETestCases"/>
  <testcase name="verifyResetApiWithInvalidHeader" time="4.789" classname="testcases.E2ETestCases"/>
  <testcase name="verifyAllCarsAreAvailableForBookingOnceDestinationIsReached" time="17.033" classname="testcases.E2ETestCases"/>
  <testcase name="verifyBookAPIWithInvalidToken" time="5.009" classname="testcases.E2ETestCases"/>
  <testcase name="verifyBookApiWithInvalidRequestBody" time="4.870" classname="testcases.E2ETestCases"/>
  <testcase name="verifyUserIsAllocatedCar" time="5.442" classname="testcases.E2ETestCases"/>
  <testcase name="verifyBookApiReturnsEmptyResponseWhenNoCarIsAvailable" time="17.823" classname="testcases.E2ETestCases"/>
  <testcase name="verifyBookApiWithInvalidRequestBody" time="6.957" classname="testcases.E2ETestCases"/>
  <testcase name="verifyUserIsAllocatedCar" time="7.691" classname="testcases.E2ETestCases"/>
  <testcase name="verifyTickApiWithInvalidHeader" time="5.270" classname="testcases.E2ETestCases"/>
</testsuite> <!-- testcases.E2ETestCases -->
