<?xml version="1.0" encoding="UTF-8"?>
<!-- Generated by org.testng.reporters.JUnitReportReporter -->
<testsuite skipped="0" hostname="ITSG003112-MAC" name="testcases.E2ETestCases" tests="10" failures="0" timestamp="05 Jul 2020 10:08:37 GMT" time="81.842" errors="0">
  <testcase name="verifyUserIsAllocatedCar" time="6.668" classname="testcases.E2ETestCases"/>
  <testcase name="verifyBookApiWithInvalidRequestBody" time="4.025" classname="testcases.E2ETestCases"/>
  <testcase name="verifyResetApiWithInvalidHeader" time="4.193" classname="testcases.E2ETestCases"/>
  <testcase name="verifyBookApiWithInvalidRequestBody" time="5.752" classname="testcases.E2ETestCases"/>
  <testcase name="verifyUserIsAllocatedCar" time="4.792" classname="testcases.E2ETestCases"/>
  <testcase name="verifyTickApiWithInvalidHeader" time="5.265" classname="testcases.E2ETestCases"/>
  <testcase name="verifyAllCarsAreAvailableForBookingOnceDestinationIsReached" time="17.672" classname="testcases.E2ETestCases"/>
  <testcase name="verifyAllocatedCarIsAvailableForBookingAfterReachingDestination" time="12.469" classname="testcases.E2ETestCases"/>
  <testcase name="verifyBookAPIWithInvalidToken" time="7.993" classname="testcases.E2ETestCases"/>
  <testcase name="verifyBookApiReturnsEmptyResponseWhenNoCarIsAvailable" time="13.013" classname="testcases.E2ETestCases"/>
</testsuite> <!-- testcases.E2ETestCases -->
